2025-06-29 19:38:12,412 INFO o.a.j.u.JMeterUtils: Setting Locale to en_EN
2025-06-29 19:38:12,440 INFO o.a.j.JMeter: Loading user properties from: C:\Program Files (x86)\apache-jmeter-5.6.3\bin\user.properties
2025-06-29 19:38:12,442 INFO o.a.j.JMeter: Loading system properties from: C:\Program Files (x86)\apache-jmeter-5.6.3\bin\system.properties
2025-06-29 19:38:12,454 INFO o.a.j.JMeter: Copyright (c) 1998-2024 The Apache Software Foundation
2025-06-29 19:38:12,454 INFO o.a.j.JMeter: Version 5.6.3
2025-06-29 19:38:12,454 INFO o.a.j.JMeter: java.version=17.0.15
2025-06-29 19:38:12,454 INFO o.a.j.JMeter: java.vm.name=Java HotSpot(TM) 64-Bit Server VM
2025-06-29 19:38:12,454 INFO o.a.j.JMeter: os.name=Windows 11
2025-06-29 19:38:12,456 INFO o.a.j.JMeter: os.arch=amd64
2025-06-29 19:38:12,456 INFO o.a.j.JMeter: os.version=10.0
2025-06-29 19:38:12,456 INFO o.a.j.JMeter: file.encoding=Cp1252
2025-06-29 19:38:12,456 INFO o.a.j.JMeter: java.awt.headless=true
2025-06-29 19:38:12,456 INFO o.a.j.JMeter: Max memory     =1073741824
2025-06-29 19:38:12,456 INFO o.a.j.JMeter: Available Processors =12
2025-06-29 19:38:12,468 INFO o.a.j.JMeter: Default Locale=English (EN)
2025-06-29 19:38:12,468 INFO o.a.j.JMeter: JMeter  Locale=English (EN)
2025-06-29 19:38:12,468 INFO o.a.j.JMeter: JMeterHome=C:\Program Files (x86)\apache-jmeter-5.6.3
2025-06-29 19:38:12,468 INFO o.a.j.JMeter: user.dir  =C:\Users\claud\workspace\healthtrack
2025-06-29 19:38:12,469 INFO o.a.j.JMeter: PWD       =C:\Users\claud\workspace\healthtrack
2025-06-29 19:38:12,478 INFO o.a.j.JMeter: IP: 192.168.1.4 Name: LAPTOP-39ORBMKT FullName: host.docker.internal
2025-06-29 19:38:12,501 INFO o.a.j.JMeter: Setting property 'jmeter.reportgenerator.outputdir' to:'C:\Users\claud\workspace\healthtrack\resultados\html-report-form'
2025-06-29 19:38:12,507 INFO o.a.j.s.FileServer: Default base='C:\Users\claud\workspace\healthtrack'
2025-06-29 19:38:12,511 INFO o.a.j.s.FileServer: Set new base='C:\Users\claud\workspace\healthtrack\tests'
2025-06-29 19:38:12,835 INFO o.a.j.s.SaveService: Testplan (JMX) version: 2.2. Testlog (JTL) version: 2.2
2025-06-29 19:38:12,878 INFO o.a.j.s.SaveService: Using SaveService properties version 5.0
2025-06-29 19:38:12,888 INFO o.a.j.s.SaveService: Using SaveService properties file encoding UTF-8
2025-06-29 19:38:12,894 INFO o.a.j.s.SaveService: Loading file: C:\Users\claud\workspace\healthtrack\tests\Prueba-Final-Modulo-4.jmx
2025-06-29 19:38:12,987 INFO o.a.j.p.h.s.HTTPSamplerBase: Parser for text/html is org.apache.jmeter.protocol.http.parser.LagartoBasedHtmlParser
2025-06-29 19:38:12,987 INFO o.a.j.p.h.s.HTTPSamplerBase: Parser for application/xhtml+xml is org.apache.jmeter.protocol.http.parser.LagartoBasedHtmlParser
2025-06-29 19:38:12,988 INFO o.a.j.p.h.s.HTTPSamplerBase: Parser for application/xml is org.apache.jmeter.protocol.http.parser.LagartoBasedHtmlParser
2025-06-29 19:38:12,988 INFO o.a.j.p.h.s.HTTPSamplerBase: Parser for text/xml is org.apache.jmeter.protocol.http.parser.LagartoBasedHtmlParser
2025-06-29 19:38:12,988 INFO o.a.j.p.h.s.HTTPSamplerBase: Parser for text/vnd.wap.wml is org.apache.jmeter.protocol.http.parser.RegexpHTMLParser
2025-06-29 19:38:12,988 INFO o.a.j.p.h.s.HTTPSamplerBase: Parser for text/css is org.apache.jmeter.protocol.http.parser.CssParser
2025-06-29 19:38:13,034 INFO o.a.j.JMeter: Creating summariser <summary>
2025-06-29 19:38:13,040 INFO o.a.j.r.d.ReportGenerator: ReportGenerator will use for Parsing the separator: ','
2025-06-29 19:38:13,041 INFO o.a.j.r.d.ReportGenerator: Will generate report at end of test from  results file: C:\Users\claud\workspace\healthtrack\resultados\form-html.jtl
2025-06-29 19:38:13,041 INFO o.a.j.r.d.ReportGenerator: Reading report generator properties from: C:\Program Files (x86)\apache-jmeter-5.6.3\bin\reportgenerator.properties
2025-06-29 19:38:13,043 INFO o.a.j.r.d.ReportGenerator: Merging with JMeter properties
2025-06-29 19:38:13,048 INFO o.a.j.r.c.ReportGeneratorConfiguration: Property 'jmeter.reportgenerator.temp_dir' not found, using default value 'temp' instead.
2025-06-29 19:38:13,053 INFO o.a.j.r.c.ReportGeneratorConfiguration: Property 'jmeter.reportgenerator.apdex_per_transaction' not found, using default value 'null' instead.
2025-06-29 19:38:13,053 INFO o.a.j.r.c.ReportGeneratorConfiguration: apdex_per_transaction is empty, not APDEX per transaction customization
2025-06-29 19:38:13,053 INFO o.a.j.r.c.ReportGeneratorConfiguration: Property 'jmeter.reportgenerator.sample_filter' not found, using default value 'null' instead.
2025-06-29 19:38:13,053 INFO o.a.j.r.c.ReportGeneratorConfiguration: Property 'jmeter.reportgenerator.report_title' not found, using default value 'null' instead.
2025-06-29 19:38:13,053 INFO o.a.j.r.c.ReportGeneratorConfiguration: Property 'jmeter.reportgenerator.start_date' not found, using default value 'null' instead.
2025-06-29 19:38:13,053 INFO o.a.j.r.c.ReportGeneratorConfiguration: Property 'jmeter.reportgenerator.end_date' not found, using default value 'null' instead.
2025-06-29 19:38:13,053 INFO o.a.j.r.c.ReportGeneratorConfiguration: Property 'jmeter.reportgenerator.date_format' not found, using default value 'null' instead.
2025-06-29 19:38:13,053 INFO o.a.j.r.c.ReportGeneratorConfiguration: Will use date range start date: null, end date: null
2025-06-29 19:38:13,071 INFO o.a.j.r.c.ReportGeneratorConfiguration: Property 'jmeter.reportgenerator.graph.totalTPS.exclude_controllers' not found, using default value 'false' instead.
2025-06-29 19:38:13,071 INFO o.a.j.r.c.ReportGeneratorConfiguration: Property 'jmeter.reportgenerator.graph.activeThreadsOverTime.exclude_controllers' not found, using default value 'false' instead.
2025-06-29 19:38:13,071 INFO o.a.j.r.c.ReportGeneratorConfiguration: Property 'jmeter.reportgenerator.graph.timeVsThreads.exclude_controllers' not found, using default value 'false' instead.
2025-06-29 19:38:13,071 INFO o.a.j.r.c.ReportGeneratorConfiguration: Property 'jmeter.reportgenerator.graph.responseTimeDistribution.exclude_controllers' not found, using default value 'false' instead.
2025-06-29 19:38:13,072 INFO o.a.j.r.c.ReportGeneratorConfiguration: Property 'jmeter.reportgenerator.graph.transactionsPerSecond.exclude_controllers' not found, using default value 'false' instead.
2025-06-29 19:38:13,072 INFO o.a.j.r.c.ReportGeneratorConfiguration: Property 'jmeter.reportgenerator.graph.responseTimePercentiles.exclude_controllers' not found, using default value 'false' instead.
2025-06-29 19:38:13,072 INFO o.a.j.r.c.ReportGeneratorConfiguration: Property 'jmeter.reportgenerator.graph.responseTimePercentilesOverTime.exclude_controllers' not found, using default value 'false' instead.
2025-06-29 19:38:13,072 INFO o.a.j.r.c.ReportGeneratorConfiguration: Property 'jmeter.reportgenerator.graph.responseTimesOverTime.exclude_controllers' not found, using default value 'false' instead.
2025-06-29 19:38:13,072 INFO o.a.j.r.c.ReportGeneratorConfiguration: Property 'jmeter.reportgenerator.graph.connectTimeOverTime.exclude_controllers' not found, using default value 'false' instead.
2025-06-29 19:38:13,072 INFO o.a.j.r.c.ReportGeneratorConfiguration: Property 'jmeter.reportgenerator.graph.latenciesOverTime.exclude_controllers' not found, using default value 'false' instead.
2025-06-29 19:38:13,074 INFO o.a.j.r.c.ReportGeneratorConfiguration: Property 'jmeter.reportgenerator.exporter.json.filters_only_sample_series' not found, using default value 'true' instead.
2025-06-29 19:38:13,074 INFO o.a.j.r.c.ReportGeneratorConfiguration: Property 'jmeter.reportgenerator.exporter.json.series_filter' not found, using default value '' instead.
2025-06-29 19:38:13,074 INFO o.a.j.r.c.ReportGeneratorConfiguration: Property 'jmeter.reportgenerator.exporter.json.show_controllers_only' not found, using default value 'false' instead.
2025-06-29 19:38:13,075 INFO o.a.j.r.c.ReportGeneratorConfiguration: Property 'jmeter.reportgenerator.exporter.html.filters_only_sample_series' not found, using default value 'true' instead.
2025-06-29 19:38:13,075 INFO o.a.j.r.c.ReportGeneratorConfiguration: Property 'jmeter.reportgenerator.exporter.html.series_filter' not found, using default value '' instead.
2025-06-29 19:38:13,075 INFO o.a.j.r.c.ReportGeneratorConfiguration: Property 'jmeter.reportgenerator.exporter.html.show_controllers_only' not found, using default value 'false' instead.
2025-06-29 19:38:13,093 INFO o.a.j.e.StandardJMeterEngine: Running the test!
2025-06-29 19:38:13,094 INFO o.a.j.s.SampleEvent: List of sample_variables: []
2025-06-29 19:38:13,094 INFO o.a.j.s.SampleEvent: List of sample_variables: []
2025-06-29 19:38:13,102 INFO o.a.j.e.u.CompoundVariable: Note: Function class names must contain the string: '.functions.'
2025-06-29 19:38:13,102 INFO o.a.j.e.u.CompoundVariable: Note: Function class names must not contain the string: '.gui.'
2025-06-29 19:38:13,231 INFO o.a.j.JMeter: Running test (1751240293231)
2025-06-29 19:38:13,253 INFO o.a.j.e.StandardJMeterEngine: Starting ThreadGroup: 1 : Prueba-Final-Modulo-4
2025-06-29 19:38:13,253 INFO o.a.j.e.StandardJMeterEngine: Starting 50 threads for group Prueba-Final-Modulo-4.
2025-06-29 19:38:13,253 INFO o.a.j.e.StandardJMeterEngine: Thread will continue on error
2025-06-29 19:38:13,253 INFO o.a.j.t.ThreadGroup: Starting thread group... number=1 threads=50 ramp-up=5 delayedStart=false
2025-06-29 19:38:13,270 INFO o.a.j.t.JMeterThread: Thread started: Prueba-Final-Modulo-4 1-1
2025-06-29 19:38:13,285 INFO o.a.j.t.ThreadGroup: Started thread group number 1
2025-06-29 19:38:13,285 INFO o.a.j.e.StandardJMeterEngine: All thread groups have been started
2025-06-29 19:38:13,294 INFO o.a.j.p.h.s.HTTPHCAbstractImpl: Local host = LAPTOP-39ORBMKT
2025-06-29 19:38:13,301 INFO o.a.j.p.h.s.HTTPHC4Impl: HTTP request retry count = 0
2025-06-29 19:38:13,303 INFO o.a.j.s.SampleResult: Note: Sample TimeStamps are START times
2025-06-29 19:38:13,303 INFO o.a.j.s.SampleResult: sampleresult.default.encoding is set to UTF-8
2025-06-29 19:38:13,303 INFO o.a.j.s.SampleResult: sampleresult.useNanoTime=true
2025-06-29 19:38:13,303 INFO o.a.j.s.SampleResult: sampleresult.nanoThreadSleep=5000
2025-06-29 19:38:13,365 INFO o.a.j.t.JMeterThread: Thread started: Prueba-Final-Modulo-4 1-2
2025-06-29 19:38:13,417 INFO o.a.j.p.h.s.h.LazyLayeredConnectionSocketFactory: Setting up HTTPS TrustAll Socket Factory
2025-06-29 19:38:13,424 INFO o.a.j.u.JsseSSLManager: Using default SSL protocol: TLS
2025-06-29 19:38:13,424 INFO o.a.j.u.JsseSSLManager: SSL session context: per-thread
2025-06-29 19:38:13,464 INFO o.a.j.t.JMeterThread: Thread started: Prueba-Final-Modulo-4 1-3
2025-06-29 19:38:13,535 INFO o.a.j.u.SSLManager: JmeterKeyStore Location:  type JKS
2025-06-29 19:38:13,542 INFO o.a.j.u.SSLManager: KeyStore created OK
2025-06-29 19:38:13,542 WARN o.a.j.u.SSLManager: Keystore file not found, loading empty keystore
2025-06-29 19:38:13,564 INFO o.a.j.t.JMeterThread: Thread started: Prueba-Final-Modulo-4 1-4
2025-06-29 19:38:13,663 INFO o.a.j.t.JMeterThread: Thread started: Prueba-Final-Modulo-4 1-5
2025-06-29 19:38:13,764 INFO o.a.j.t.JMeterThread: Thread started: Prueba-Final-Modulo-4 1-6
2025-06-29 19:38:13,863 INFO o.a.j.t.JMeterThread: Thread started: Prueba-Final-Modulo-4 1-7
2025-06-29 19:38:13,961 INFO o.a.j.t.JMeterThread: Thread started: Prueba-Final-Modulo-4 1-8
2025-06-29 19:38:13,997 INFO o.a.j.t.JMeterThread: Thread is done: Prueba-Final-Modulo-4 1-7
2025-06-29 19:38:13,998 INFO o.a.j.t.JMeterThread: Thread finished: Prueba-Final-Modulo-4 1-7
2025-06-29 19:38:13,998 INFO o.a.j.t.JMeterThread: Thread is done: Prueba-Final-Modulo-4 1-6
2025-06-29 19:38:13,998 INFO o.a.j.t.JMeterThread: Thread finished: Prueba-Final-Modulo-4 1-6
2025-06-29 19:38:14,001 INFO o.a.j.t.JMeterThread: Thread is done: Prueba-Final-Modulo-4 1-3
2025-06-29 19:38:14,001 INFO o.a.j.t.JMeterThread: Thread finished: Prueba-Final-Modulo-4 1-3
2025-06-29 19:38:14,001 INFO o.a.j.t.JMeterThread: Thread is done: Prueba-Final-Modulo-4 1-5
2025-06-29 19:38:14,001 INFO o.a.j.t.JMeterThread: Thread finished: Prueba-Final-Modulo-4 1-5
2025-06-29 19:38:14,002 INFO o.a.j.t.JMeterThread: Thread is done: Prueba-Final-Modulo-4 1-1
2025-06-29 19:38:14,003 INFO o.a.j.t.JMeterThread: Thread finished: Prueba-Final-Modulo-4 1-1
2025-06-29 19:38:14,004 INFO o.a.j.t.JMeterThread: Thread is done: Prueba-Final-Modulo-4 1-4
2025-06-29 19:38:14,004 INFO o.a.j.t.JMeterThread: Thread finished: Prueba-Final-Modulo-4 1-4
2025-06-29 19:38:14,005 INFO o.a.j.t.JMeterThread: Thread is done: Prueba-Final-Modulo-4 1-2
2025-06-29 19:38:14,005 INFO o.a.j.t.JMeterThread: Thread finished: Prueba-Final-Modulo-4 1-2
2025-06-29 19:38:14,062 INFO o.a.j.t.JMeterThread: Thread started: Prueba-Final-Modulo-4 1-9
2025-06-29 19:38:14,068 INFO o.a.j.t.JMeterThread: Thread is done: Prueba-Final-Modulo-4 1-8
2025-06-29 19:38:14,068 INFO o.a.j.t.JMeterThread: Thread finished: Prueba-Final-Modulo-4 1-8
2025-06-29 19:38:14,161 INFO o.a.j.t.JMeterThread: Thread started: Prueba-Final-Modulo-4 1-10
2025-06-29 19:38:14,211 INFO o.a.j.t.JMeterThread: Thread is done: Prueba-Final-Modulo-4 1-9
2025-06-29 19:38:14,211 INFO o.a.j.t.JMeterThread: Thread finished: Prueba-Final-Modulo-4 1-9
2025-06-29 19:38:14,260 INFO o.a.j.t.JMeterThread: Thread started: Prueba-Final-Modulo-4 1-11
2025-06-29 19:38:14,271 INFO o.a.j.t.JMeterThread: Thread is done: Prueba-Final-Modulo-4 1-10
2025-06-29 19:38:14,271 INFO o.a.j.t.JMeterThread: Thread finished: Prueba-Final-Modulo-4 1-10
2025-06-29 19:38:14,359 INFO o.a.j.t.JMeterThread: Thread started: Prueba-Final-Modulo-4 1-12
2025-06-29 19:38:14,364 INFO o.a.j.t.JMeterThread: Thread is done: Prueba-Final-Modulo-4 1-11
2025-06-29 19:38:14,364 INFO o.a.j.t.JMeterThread: Thread finished: Prueba-Final-Modulo-4 1-11
2025-06-29 19:38:14,456 INFO o.a.j.t.JMeterThread: Thread started: Prueba-Final-Modulo-4 1-13
2025-06-29 19:38:14,463 INFO o.a.j.t.JMeterThread: Thread is done: Prueba-Final-Modulo-4 1-12
2025-06-29 19:38:14,463 INFO o.a.j.t.JMeterThread: Thread finished: Prueba-Final-Modulo-4 1-12
2025-06-29 19:38:14,557 INFO o.a.j.t.JMeterThread: Thread started: Prueba-Final-Modulo-4 1-14
2025-06-29 19:38:14,560 INFO o.a.j.t.JMeterThread: Thread is done: Prueba-Final-Modulo-4 1-13
2025-06-29 19:38:14,560 INFO o.a.j.t.JMeterThread: Thread finished: Prueba-Final-Modulo-4 1-13
2025-06-29 19:38:14,655 INFO o.a.j.t.JMeterThread: Thread started: Prueba-Final-Modulo-4 1-15
2025-06-29 19:38:14,664 INFO o.a.j.t.JMeterThread: Thread is done: Prueba-Final-Modulo-4 1-14
2025-06-29 19:38:14,664 INFO o.a.j.t.JMeterThread: Thread finished: Prueba-Final-Modulo-4 1-14
2025-06-29 19:38:14,754 INFO o.a.j.t.JMeterThread: Thread started: Prueba-Final-Modulo-4 1-16
2025-06-29 19:38:14,767 INFO o.a.j.t.JMeterThread: Thread is done: Prueba-Final-Modulo-4 1-15
2025-06-29 19:38:14,767 INFO o.a.j.t.JMeterThread: Thread finished: Prueba-Final-Modulo-4 1-15
2025-06-29 19:38:14,855 INFO o.a.j.t.JMeterThread: Thread is done: Prueba-Final-Modulo-4 1-16
2025-06-29 19:38:14,855 INFO o.a.j.t.JMeterThread: Thread started: Prueba-Final-Modulo-4 1-17
2025-06-29 19:38:14,859 INFO o.a.j.t.JMeterThread: Thread finished: Prueba-Final-Modulo-4 1-16
2025-06-29 19:38:14,955 INFO o.a.j.t.JMeterThread: Thread started: Prueba-Final-Modulo-4 1-18
2025-06-29 19:38:14,962 INFO o.a.j.t.JMeterThread: Thread is done: Prueba-Final-Modulo-4 1-17
2025-06-29 19:38:14,962 INFO o.a.j.t.JMeterThread: Thread finished: Prueba-Final-Modulo-4 1-17
2025-06-29 19:38:15,055 INFO o.a.j.t.JMeterThread: Thread started: Prueba-Final-Modulo-4 1-19
2025-06-29 19:38:15,058 INFO o.a.j.t.JMeterThread: Thread is done: Prueba-Final-Modulo-4 1-18
2025-06-29 19:38:15,058 INFO o.a.j.t.JMeterThread: Thread finished: Prueba-Final-Modulo-4 1-18
2025-06-29 19:38:15,155 INFO o.a.j.t.JMeterThread: Thread started: Prueba-Final-Modulo-4 1-20
2025-06-29 19:38:15,169 INFO o.a.j.t.JMeterThread: Thread is done: Prueba-Final-Modulo-4 1-19
2025-06-29 19:38:15,169 INFO o.a.j.t.JMeterThread: Thread finished: Prueba-Final-Modulo-4 1-19
2025-06-29 19:38:15,254 INFO o.a.j.t.JMeterThread: Thread started: Prueba-Final-Modulo-4 1-21
2025-06-29 19:38:15,259 INFO o.a.j.t.JMeterThread: Thread is done: Prueba-Final-Modulo-4 1-20
2025-06-29 19:38:15,259 INFO o.a.j.t.JMeterThread: Thread finished: Prueba-Final-Modulo-4 1-20
2025-06-29 19:38:15,355 INFO o.a.j.t.JMeterThread: Thread started: Prueba-Final-Modulo-4 1-22
2025-06-29 19:38:15,369 INFO o.a.j.t.JMeterThread: Thread is done: Prueba-Final-Modulo-4 1-21
2025-06-29 19:38:15,369 INFO o.a.j.t.JMeterThread: Thread finished: Prueba-Final-Modulo-4 1-21
2025-06-29 19:38:15,454 INFO o.a.j.t.JMeterThread: Thread is done: Prueba-Final-Modulo-4 1-22
2025-06-29 19:38:15,455 INFO o.a.j.t.JMeterThread: Thread finished: Prueba-Final-Modulo-4 1-22
2025-06-29 19:38:15,455 INFO o.a.j.t.JMeterThread: Thread started: Prueba-Final-Modulo-4 1-23
2025-06-29 19:38:15,554 INFO o.a.j.t.JMeterThread: Thread started: Prueba-Final-Modulo-4 1-24
2025-06-29 19:38:15,557 INFO o.a.j.t.JMeterThread: Thread is done: Prueba-Final-Modulo-4 1-23
2025-06-29 19:38:15,557 INFO o.a.j.t.JMeterThread: Thread finished: Prueba-Final-Modulo-4 1-23
2025-06-29 19:38:15,654 INFO o.a.j.t.JMeterThread: Thread started: Prueba-Final-Modulo-4 1-25
2025-06-29 19:38:15,656 INFO o.a.j.t.JMeterThread: Thread is done: Prueba-Final-Modulo-4 1-24
2025-06-29 19:38:15,656 INFO o.a.j.t.JMeterThread: Thread finished: Prueba-Final-Modulo-4 1-24
2025-06-29 19:38:15,754 INFO o.a.j.t.JMeterThread: Thread started: Prueba-Final-Modulo-4 1-26
2025-06-29 19:38:15,757 INFO o.a.j.t.JMeterThread: Thread is done: Prueba-Final-Modulo-4 1-25
2025-06-29 19:38:15,757 INFO o.a.j.t.JMeterThread: Thread finished: Prueba-Final-Modulo-4 1-25
2025-06-29 19:38:15,855 INFO o.a.j.t.JMeterThread: Thread started: Prueba-Final-Modulo-4 1-27
2025-06-29 19:38:15,857 INFO o.a.j.t.JMeterThread: Thread is done: Prueba-Final-Modulo-4 1-26
2025-06-29 19:38:15,857 INFO o.a.j.t.JMeterThread: Thread finished: Prueba-Final-Modulo-4 1-26
2025-06-29 19:38:15,953 INFO o.a.j.t.JMeterThread: Thread is done: Prueba-Final-Modulo-4 1-27
2025-06-29 19:38:15,953 INFO o.a.j.t.JMeterThread: Thread finished: Prueba-Final-Modulo-4 1-27
2025-06-29 19:38:15,955 INFO o.a.j.t.JMeterThread: Thread started: Prueba-Final-Modulo-4 1-28
2025-06-29 19:38:16,054 INFO o.a.j.t.JMeterThread: Thread started: Prueba-Final-Modulo-4 1-29
2025-06-29 19:38:16,055 INFO o.a.j.t.JMeterThread: Thread is done: Prueba-Final-Modulo-4 1-28
2025-06-29 19:38:16,056 INFO o.a.j.t.JMeterThread: Thread finished: Prueba-Final-Modulo-4 1-28
2025-06-29 19:38:16,154 INFO o.a.j.t.JMeterThread: Thread is done: Prueba-Final-Modulo-4 1-29
2025-06-29 19:38:16,154 INFO o.a.j.t.JMeterThread: Thread finished: Prueba-Final-Modulo-4 1-29
2025-06-29 19:38:16,154 INFO o.a.j.t.JMeterThread: Thread started: Prueba-Final-Modulo-4 1-30
2025-06-29 19:38:16,254 INFO o.a.j.t.JMeterThread: Thread started: Prueba-Final-Modulo-4 1-31
2025-06-29 19:38:16,255 INFO o.a.j.t.JMeterThread: Thread is done: Prueba-Final-Modulo-4 1-30
2025-06-29 19:38:16,255 INFO o.a.j.t.JMeterThread: Thread finished: Prueba-Final-Modulo-4 1-30
2025-06-29 19:38:16,354 INFO o.a.j.t.JMeterThread: Thread started: Prueba-Final-Modulo-4 1-32
2025-06-29 19:38:16,358 INFO o.a.j.t.JMeterThread: Thread is done: Prueba-Final-Modulo-4 1-31
2025-06-29 19:38:16,358 INFO o.a.j.t.JMeterThread: Thread finished: Prueba-Final-Modulo-4 1-31
2025-06-29 19:38:16,454 INFO o.a.j.t.JMeterThread: Thread started: Prueba-Final-Modulo-4 1-33
2025-06-29 19:38:16,458 INFO o.a.j.t.JMeterThread: Thread is done: Prueba-Final-Modulo-4 1-32
2025-06-29 19:38:16,458 INFO o.a.j.t.JMeterThread: Thread finished: Prueba-Final-Modulo-4 1-32
2025-06-29 19:38:16,554 INFO o.a.j.t.JMeterThread: Thread started: Prueba-Final-Modulo-4 1-34
2025-06-29 19:38:16,557 INFO o.a.j.t.JMeterThread: Thread is done: Prueba-Final-Modulo-4 1-33
2025-06-29 19:38:16,557 INFO o.a.j.t.JMeterThread: Thread finished: Prueba-Final-Modulo-4 1-33
2025-06-29 19:38:16,656 INFO o.a.j.t.JMeterThread: Thread is done: Prueba-Final-Modulo-4 1-34
2025-06-29 19:38:16,656 INFO o.a.j.t.JMeterThread: Thread finished: Prueba-Final-Modulo-4 1-34
2025-06-29 19:38:16,657 INFO o.a.j.t.JMeterThread: Thread started: Prueba-Final-Modulo-4 1-35
2025-06-29 19:38:16,754 INFO o.a.j.t.JMeterThread: Thread started: Prueba-Final-Modulo-4 1-36
2025-06-29 19:38:16,760 INFO o.a.j.t.JMeterThread: Thread is done: Prueba-Final-Modulo-4 1-35
2025-06-29 19:38:16,760 INFO o.a.j.t.JMeterThread: Thread finished: Prueba-Final-Modulo-4 1-35
2025-06-29 19:38:16,854 INFO o.a.j.t.JMeterThread: Thread started: Prueba-Final-Modulo-4 1-37
2025-06-29 19:38:16,954 INFO o.a.j.t.JMeterThread: Thread started: Prueba-Final-Modulo-4 1-38
2025-06-29 19:38:16,983 INFO o.a.j.t.JMeterThread: Thread is done: Prueba-Final-Modulo-4 1-36
2025-06-29 19:38:16,983 INFO o.a.j.t.JMeterThread: Thread finished: Prueba-Final-Modulo-4 1-36
2025-06-29 19:38:17,053 INFO o.a.j.t.JMeterThread: Thread started: Prueba-Final-Modulo-4 1-39
2025-06-29 19:38:17,125 INFO o.a.j.t.JMeterThread: Thread is done: Prueba-Final-Modulo-4 1-37
2025-06-29 19:38:17,125 INFO o.a.j.t.JMeterThread: Thread finished: Prueba-Final-Modulo-4 1-37
2025-06-29 19:38:17,154 INFO o.a.j.t.JMeterThread: Thread started: Prueba-Final-Modulo-4 1-40
2025-06-29 19:38:17,156 INFO o.a.j.t.JMeterThread: Thread is done: Prueba-Final-Modulo-4 1-38
2025-06-29 19:38:17,156 INFO o.a.j.t.JMeterThread: Thread finished: Prueba-Final-Modulo-4 1-38
2025-06-29 19:38:17,179 INFO o.a.j.t.JMeterThread: Thread is done: Prueba-Final-Modulo-4 1-39
2025-06-29 19:38:17,179 INFO o.a.j.t.JMeterThread: Thread finished: Prueba-Final-Modulo-4 1-39
2025-06-29 19:38:17,250 INFO o.a.j.t.JMeterThread: Thread is done: Prueba-Final-Modulo-4 1-40
2025-06-29 19:38:17,250 INFO o.a.j.t.JMeterThread: Thread finished: Prueba-Final-Modulo-4 1-40
2025-06-29 19:38:17,253 INFO o.a.j.t.JMeterThread: Thread started: Prueba-Final-Modulo-4 1-41
2025-06-29 19:38:17,357 INFO o.a.j.t.JMeterThread: Thread is done: Prueba-Final-Modulo-4 1-41
2025-06-29 19:38:17,357 INFO o.a.j.t.JMeterThread: Thread finished: Prueba-Final-Modulo-4 1-41
2025-06-29 19:38:17,365 INFO o.a.j.t.JMeterThread: Thread started: Prueba-Final-Modulo-4 1-42
2025-06-29 19:38:17,456 INFO o.a.j.t.JMeterThread: Thread started: Prueba-Final-Modulo-4 1-43
2025-06-29 19:38:17,477 INFO o.a.j.t.JMeterThread: Thread is done: Prueba-Final-Modulo-4 1-42
2025-06-29 19:38:17,478 INFO o.a.j.t.JMeterThread: Thread finished: Prueba-Final-Modulo-4 1-42
2025-06-29 19:38:17,555 INFO o.a.j.t.JMeterThread: Thread started: Prueba-Final-Modulo-4 1-44
2025-06-29 19:38:17,558 INFO o.a.j.t.JMeterThread: Thread is done: Prueba-Final-Modulo-4 1-43
2025-06-29 19:38:17,558 INFO o.a.j.t.JMeterThread: Thread finished: Prueba-Final-Modulo-4 1-43
2025-06-29 19:38:17,652 INFO o.a.j.t.JMeterThread: Thread is done: Prueba-Final-Modulo-4 1-44
2025-06-29 19:38:17,652 INFO o.a.j.t.JMeterThread: Thread finished: Prueba-Final-Modulo-4 1-44
2025-06-29 19:38:17,655 INFO o.a.j.t.JMeterThread: Thread started: Prueba-Final-Modulo-4 1-45
2025-06-29 19:38:17,754 INFO o.a.j.t.JMeterThread: Thread is done: Prueba-Final-Modulo-4 1-45
2025-06-29 19:38:17,754 INFO o.a.j.t.JMeterThread: Thread started: Prueba-Final-Modulo-4 1-46
2025-06-29 19:38:17,754 INFO o.a.j.t.JMeterThread: Thread finished: Prueba-Final-Modulo-4 1-45
2025-06-29 19:38:17,853 INFO o.a.j.t.JMeterThread: Thread started: Prueba-Final-Modulo-4 1-47
2025-06-29 19:38:17,860 INFO o.a.j.t.JMeterThread: Thread is done: Prueba-Final-Modulo-4 1-46
2025-06-29 19:38:17,860 INFO o.a.j.t.JMeterThread: Thread finished: Prueba-Final-Modulo-4 1-46
2025-06-29 19:38:17,956 INFO o.a.j.t.JMeterThread: Thread started: Prueba-Final-Modulo-4 1-48
2025-06-29 19:38:17,957 INFO o.a.j.t.JMeterThread: Thread is done: Prueba-Final-Modulo-4 1-47
2025-06-29 19:38:17,957 INFO o.a.j.t.JMeterThread: Thread finished: Prueba-Final-Modulo-4 1-47
2025-06-29 19:38:18,054 INFO o.a.j.t.JMeterThread: Thread is done: Prueba-Final-Modulo-4 1-48
2025-06-29 19:38:18,054 INFO o.a.j.t.JMeterThread: Thread finished: Prueba-Final-Modulo-4 1-48
2025-06-29 19:38:18,055 INFO o.a.j.t.JMeterThread: Thread started: Prueba-Final-Modulo-4 1-49
2025-06-29 19:38:18,154 INFO o.a.j.t.JMeterThread: Thread started: Prueba-Final-Modulo-4 1-50
2025-06-29 19:38:18,154 INFO o.a.j.t.JMeterThread: Thread is done: Prueba-Final-Modulo-4 1-49
2025-06-29 19:38:18,154 INFO o.a.j.t.JMeterThread: Thread finished: Prueba-Final-Modulo-4 1-49
2025-06-29 19:38:18,259 INFO o.a.j.t.JMeterThread: Thread is done: Prueba-Final-Modulo-4 1-50
2025-06-29 19:38:18,259 INFO o.a.j.t.JMeterThread: Thread finished: Prueba-Final-Modulo-4 1-50
2025-06-29 19:38:18,260 INFO o.a.j.e.StandardJMeterEngine: Notifying test listeners of end of test
2025-06-29 19:38:18,261 INFO o.a.j.r.Summariser: summary =    500 in 00:00:05 =   99.4/s Avg:    15 Min:     7 Max:   531 Err:     0 (0.00%)
2025-06-29 19:38:18,262 INFO o.a.j.JMeter: Generating Dashboard
2025-06-29 19:38:18,262 INFO o.a.j.r.d.ReportGenerator: Flushing result collector before report Generation
2025-06-29 19:38:18,274 INFO o.a.j.r.p.NormalizerSampleConsumer: Using format, 'ms', to parse timeStamp field
2025-06-29 19:38:18,401 INFO o.a.j.r.p.AbstractSampleConsumer: class org.apache.jmeter.report.processor.AggregateConsumer#stopProducing(): beginDate produced 0 samples
2025-06-29 19:38:18,401 INFO o.a.j.r.p.AbstractSampleConsumer: class org.apache.jmeter.report.processor.AggregateConsumer#stopProducing(): endDate produced 0 samples
2025-06-29 19:38:18,407 INFO o.a.j.r.p.AbstractSampleConsumer: class org.apache.jmeter.report.processor.ApdexSummaryConsumer#stopProducing(): apdexSummary produced 0 samples
2025-06-29 19:38:18,407 INFO o.a.j.r.p.AbstractSampleConsumer: class org.apache.jmeter.report.processor.RequestsSummaryConsumer#stopProducing(): requestsSummary produced 0 samples
2025-06-29 19:38:18,416 INFO o.a.j.r.p.AbstractSampleConsumer: class org.apache.jmeter.report.processor.StatisticsSummaryConsumer#stopProducing(): statisticsSummary produced 0 samples
2025-06-29 19:38:18,418 INFO o.a.j.r.p.AbstractSampleConsumer: class org.apache.jmeter.report.processor.Top5ErrorsBySamplerConsumer#stopProducing(): top5ErrorsBySampler produced 0 samples
2025-06-29 19:38:18,418 INFO o.a.j.r.p.AbstractSampleConsumer: class org.apache.jmeter.report.processor.ErrorsSummaryConsumer#stopProducing(): errorsSummary produced 0 samples
2025-06-29 19:38:18,418 INFO o.a.j.r.p.AbstractSampleConsumer: class org.apache.jmeter.report.processor.graph.impl.HitsPerSecondGraphConsumer#stopProducing(): hitsPerSecond produced 0 samples
2025-06-29 19:38:18,452 INFO o.a.j.r.p.AbstractSampleConsumer: class org.apache.jmeter.report.processor.graph.impl.LatencyVSRequestGraphConsumer#stopProducing(): latencyVsRequest produced 0 samples
2025-06-29 19:38:18,453 INFO o.a.j.r.p.AbstractSampleConsumer: class org.apache.jmeter.report.processor.graph.impl.SyntheticResponseTimeDistributionGraphConsumer#stopProducing(): syntheticResponseTimeDistribution produced 0 samples
2025-06-29 19:38:18,453 INFO o.a.j.r.p.AbstractSampleConsumer: class org.apache.jmeter.report.processor.graph.impl.BytesThroughputGraphConsumer#stopProducing(): bytesThroughputOverTime produced 0 samples
2025-06-29 19:38:18,453 INFO o.a.j.r.p.AbstractSampleConsumer: class org.apache.jmeter.report.processor.graph.impl.CodesPerSecondGraphConsumer#stopProducing(): codesPerSecond produced 0 samples
2025-06-29 19:38:18,469 INFO o.a.j.r.p.AbstractSampleConsumer: class org.apache.jmeter.report.processor.graph.impl.ResponseTimeVSRequestGraphConsumer#stopProducing(): responseTimeVsRequest produced 0 samples
2025-06-29 19:38:18,470 INFO o.a.j.r.p.AbstractSampleConsumer: class org.apache.jmeter.report.processor.FilterConsumer#stopProducing(): startIntervalControlerFilter produced 3500 samples
2025-06-29 19:38:18,470 INFO o.a.j.r.p.AbstractSampleConsumer: class org.apache.jmeter.report.processor.graph.impl.TotalTPSGraphConsumer#stopProducing(): totalTPS produced 0 samples
2025-06-29 19:38:18,471 INFO o.a.j.r.p.AbstractSampleConsumer: class org.apache.jmeter.report.processor.graph.impl.ActiveThreadsGraphConsumer#stopProducing(): activeThreadsOverTime produced 0 samples
2025-06-29 19:38:18,471 INFO o.a.j.r.p.AbstractSampleConsumer: class org.apache.jmeter.report.processor.graph.impl.TimeVSThreadGraphConsumer#stopProducing(): timeVsThreads produced 0 samples
2025-06-29 19:38:18,471 INFO o.a.j.r.p.AbstractSampleConsumer: class org.apache.jmeter.report.processor.graph.impl.ResponseTimeDistributionGraphConsumer#stopProducing(): responseTimeDistribution produced 0 samples
2025-06-29 19:38:18,471 INFO o.a.j.r.p.AbstractSampleConsumer: class org.apache.jmeter.report.processor.graph.impl.TransactionsPerSecondGraphConsumer#stopProducing(): transactionsPerSecond produced 0 samples
2025-06-29 19:38:18,471 INFO o.a.j.r.p.AbstractSampleConsumer: class org.apache.jmeter.report.processor.graph.impl.ResponseTimePercentilesGraphConsumer#stopProducing(): responseTimePercentiles produced 0 samples
2025-06-29 19:38:18,472 INFO o.a.j.r.p.AbstractSampleConsumer: class org.apache.jmeter.report.processor.graph.impl.ResponseTimePercentilesOverTimeGraphConsumer#stopProducing(): responseTimePercentilesOverTime produced 0 samples
2025-06-29 19:38:18,473 INFO o.a.j.r.p.AbstractSampleConsumer: class org.apache.jmeter.report.processor.graph.impl.ResponseTimeOverTimeGraphConsumer#stopProducing(): responseTimesOverTime produced 0 samples
2025-06-29 19:38:18,473 INFO o.a.j.r.p.AbstractSampleConsumer: class org.apache.jmeter.report.processor.graph.impl.ConnectTimeOverTimeGraphConsumer#stopProducing(): connectTimeOverTime produced 0 samples
2025-06-29 19:38:18,473 INFO o.a.j.r.p.AbstractSampleConsumer: class org.apache.jmeter.report.processor.graph.impl.LatencyOverTimeGraphConsumer#stopProducing(): latenciesOverTime produced 0 samples
2025-06-29 19:38:18,473 INFO o.a.j.r.p.AbstractSampleConsumer: class org.apache.jmeter.report.processor.FilterConsumer#stopProducing(): nameFilter produced 7500 samples
2025-06-29 19:38:18,473 INFO o.a.j.r.p.AbstractSampleConsumer: class org.apache.jmeter.report.processor.FilterConsumer#stopProducing(): dateRangeFilter produced 1500 samples
2025-06-29 19:38:18,473 INFO o.a.j.r.p.AbstractSampleConsumer: class org.apache.jmeter.report.processor.NormalizerSampleConsumer#stopProducing(): normalizer produced 500 samples
2025-06-29 19:38:18,475 INFO o.a.j.r.p.CsvFileSampleSource: produce(): 500 samples produced in 172ms on channel 0
2025-06-29 19:38:18,475 INFO o.a.j.r.d.ReportGenerator: Exporting data using exporter:'json' of className:'org.apache.jmeter.report.dashboard.JsonExporter'
2025-06-29 19:38:18,626 INFO o.a.j.r.d.JsonExporter: Found data for consumer statisticsSummary in context
2025-06-29 19:38:18,626 INFO o.a.j.r.d.JsonExporter: Creating statistics for overall
2025-06-29 19:38:18,627 INFO o.a.j.r.d.JsonExporter: Creating statistics for other transactions
2025-06-29 19:38:18,627 INFO o.a.j.r.d.JsonExporter: Checking output folder
2025-06-29 19:38:18,628 INFO o.a.j.r.d.JsonExporter: Writing statistics JSON to C:\Users\claud\workspace\healthtrack\resultados\html-report-form\statistics.json
2025-06-29 19:38:18,674 INFO o.a.j.r.d.ReportGenerator: Exporting data using exporter:'html' of className:'org.apache.jmeter.report.dashboard.HtmlTemplateExporter'
2025-06-29 19:38:18,676 INFO o.a.j.r.d.HtmlTemplateExporter: Will generate dashboard in folder: C:\Users\claud\workspace\healthtrack\resultados\html-report-form
2025-06-29 19:38:18,870 INFO o.a.j.r.d.HtmlTemplateExporter: Report will be generated in: C:\Users\claud\workspace\healthtrack\resultados\html-report-form, creating folder structure
2025-06-29 19:38:18,873 INFO o.a.j.r.d.TemplateVisitor: Copying folder from 'C:\Program Files (x86)\apache-jmeter-5.6.3\bin\report-template' to 'C:\Users\claud\workspace\healthtrack\resultados\html-report-form', got message: C:\Users\claud\workspace\healthtrack\resultados\html-report-form, found non empty folder with following content [C:\Users\claud\workspace\healthtrack\resultados\html-report-form\statistics.json], will be ignored
2025-06-29 19:38:19,425 INFO o.a.j.JMeter: Dashboard generated
